{"/Users/abdulnaseebrahmani/Downloads/School-MIS/frontend/src/App.js": {"path":"/Users/abdulnaseebrahmani/Downloads/School-MIS/frontend/src/App.js","statementMap":{"0":{"start":{"line":5,"column":20},"end":{"line":5,"column":53}},"1":{"start":{"line":6,"column":12},"end":{"line":6,"column":32}},"2":{"start":{"line":9,"column":24},"end":{"line":9,"column":39}},"3":{"start":{"line":12,"column":21},"end":{"line":129,"column":1}},"4":{"start":{"line":132,"column":25},"end":{"line":148,"column":1}},"5":{"start":{"line":133,"column":34},"end":{"line":133,"column":48}},"6":{"start":{"line":135,"column":25},"end":{"line":137,"column":3}},"7":{"start":{"line":136,"column":4},"end":{"line":136,"column":22}},"8":{"start":{"line":139,"column":12},"end":{"line":141,"column":3}},"9":{"start":{"line":140,"column":4},"end":{"line":140,"column":46}},"10":{"start":{"line":143,"column":2},"end":{"line":147,"column":4}},"11":{"start":{"line":151,"column":20},"end":{"line":157,"column":1}},"12":{"start":{"line":152,"column":18},"end":{"line":152,"column":45}},"13":{"start":{"line":153,"column":2},"end":{"line":155,"column":3}},"14":{"start":{"line":154,"column":4},"end":{"line":154,"column":74}},"15":{"start":{"line":156,"column":2},"end":{"line":156,"column":17}},"16":{"start":{"line":160,"column":15},"end":{"line":199,"column":1}},"17":{"start":{"line":161,"column":42},"end":{"line":161,"column":55}},"18":{"start":{"line":163,"column":2},"end":{"line":198,"column":4}},"19":{"start":{"line":174,"column":31},"end":{"line":174,"column":51}},"20":{"start":{"line":184,"column":31},"end":{"line":184,"column":51}},"21":{"start":{"line":202,"column":32},"end":{"line":442,"column":1}},"22":{"start":{"line":203,"column":16},"end":{"line":203,"column":29}},"23":{"start":{"line":204,"column":34},"end":{"line":213,"column":4}},"24":{"start":{"line":214,"column":30},"end":{"line":214,"column":42}},"25":{"start":{"line":215,"column":42},"end":{"line":215,"column":57}},"26":{"start":{"line":217,"column":23},"end":{"line":230,"column":3}},"27":{"start":{"line":218,"column":28},"end":{"line":218,"column":36}},"28":{"start":{"line":219,"column":4},"end":{"line":222,"column":8}},"29":{"start":{"line":219,"column":25},"end":{"line":222,"column":5}},"30":{"start":{"line":224,"column":4},"end":{"line":229,"column":5}},"31":{"start":{"line":225,"column":6},"end":{"line":228,"column":10}},"32":{"start":{"line":225,"column":25},"end":{"line":228,"column":7}},"33":{"start":{"line":232,"column":23},"end":{"line":243,"column":3}},"34":{"start":{"line":233,"column":22},"end":{"line":233,"column":24}},"35":{"start":{"line":235,"column":4},"end":{"line":235,"column":66}},"36":{"start":{"line":235,"column":31},"end":{"line":235,"column":66}},"37":{"start":{"line":236,"column":4},"end":{"line":236,"column":56}},"38":{"start":{"line":236,"column":23},"end":{"line":236,"column":56}},"39":{"start":{"line":237,"column":4},"end":{"line":237,"column":79}},"40":{"start":{"line":237,"column":37},"end":{"line":237,"column":79}},"41":{"start":{"line":238,"column":4},"end":{"line":238,"column":65}},"42":{"start":{"line":238,"column":26},"end":{"line":238,"column":65}},"43":{"start":{"line":239,"column":4},"end":{"line":239,"column":85}},"44":{"start":{"line":239,"column":39},"end":{"line":239,"column":85}},"45":{"start":{"line":241,"column":4},"end":{"line":241,"column":25}},"46":{"start":{"line":242,"column":4},"end":{"line":242,"column":47}},"47":{"start":{"line":245,"column":23},"end":{"line":271,"column":3}},"48":{"start":{"line":246,"column":4},"end":{"line":246,"column":23}},"49":{"start":{"line":247,"column":4},"end":{"line":247,"column":32}},"50":{"start":{"line":247,"column":25},"end":{"line":247,"column":32}},"51":{"start":{"line":249,"column":4},"end":{"line":249,"column":26}},"52":{"start":{"line":250,"column":4},"end":{"line":270,"column":5}},"53":{"start":{"line":251,"column":6},"end":{"line":254,"column":9}},"54":{"start":{"line":256,"column":6},"end":{"line":265,"column":9}},"55":{"start":{"line":267,"column":6},"end":{"line":267,"column":53}},"56":{"start":{"line":269,"column":6},"end":{"line":269,"column":29}},"57":{"start":{"line":273,"column":2},"end":{"line":441,"column":4}},"58":{"start":{"line":445,"column":20},"end":{"line":527,"column":1}},"59":{"start":{"line":446,"column":16},"end":{"line":446,"column":29}},"60":{"start":{"line":448,"column":2},"end":{"line":526,"column":4}},"61":{"start":{"line":476,"column":16},"end":{"line":519,"column":22}},"62":{"start":{"line":530,"column":16},"end":{"line":663,"column":1}},"63":{"start":{"line":531,"column":16},"end":{"line":531,"column":29}},"64":{"start":{"line":532,"column":40},"end":{"line":532,"column":56}},"65":{"start":{"line":533,"column":34},"end":{"line":533,"column":46}},"66":{"start":{"line":534,"column":32},"end":{"line":534,"column":47}},"67":{"start":{"line":535,"column":32},"end":{"line":535,"column":44}},"68":{"start":{"line":537,"column":22},"end":{"line":540,"column":3}},"69":{"start":{"line":538,"column":4},"end":{"line":538,"column":36}},"70":{"start":{"line":539,"column":4},"end":{"line":539,"column":43}},"71":{"start":{"line":539,"column":21},"end":{"line":539,"column":35}},"72":{"start":{"line":542,"column":32},"end":{"line":559,"column":3}},"73":{"start":{"line":543,"column":4},"end":{"line":558,"column":5}},"74":{"start":{"line":544,"column":6},"end":{"line":544,"column":23}},"75":{"start":{"line":545,"column":23},"end":{"line":545,"column":71}},"76":{"start":{"line":546,"column":6},"end":{"line":546,"column":56}},"77":{"start":{"line":547,"column":6},"end":{"line":547,"column":43}},"78":{"start":{"line":548,"column":6},"end":{"line":548,"column":29}},"79":{"start":{"line":550,"column":6},"end":{"line":552,"column":7}},"80":{"start":{"line":551,"column":8},"end":{"line":551,"column":30}},"81":{"start":{"line":554,"column":6},"end":{"line":554,"column":57}},"82":{"start":{"line":555,"column":6},"end":{"line":555,"column":39}},"83":{"start":{"line":557,"column":6},"end":{"line":557,"column":24}},"84":{"start":{"line":561,"column":24},"end":{"line":572,"column":3}},"85":{"start":{"line":562,"column":4},"end":{"line":571,"column":5}},"86":{"start":{"line":563,"column":6},"end":{"line":563,"column":23}},"87":{"start":{"line":564,"column":23},"end":{"line":564,"column":57}},"88":{"start":{"line":565,"column":6},"end":{"line":565,"column":33}},"89":{"start":{"line":567,"column":6},"end":{"line":567,"column":55}},"90":{"start":{"line":568,"column":6},"end":{"line":568,"column":39}},"91":{"start":{"line":570,"column":6},"end":{"line":570,"column":24}},"92":{"start":{"line":574,"column":29},"end":{"line":577,"column":3}},"93":{"start":{"line":575,"column":4},"end":{"line":575,"column":26}},"94":{"start":{"line":576,"column":4},"end":{"line":576,"column":31}},"95":{"start":{"line":579,"column":24},"end":{"line":633,"column":3}},"96":{"start":{"line":580,"column":4},"end":{"line":587,"column":5}},"97":{"start":{"line":581,"column":6},"end":{"line":586,"column":8}},"98":{"start":{"line":584,"column":26},"end":{"line":584,"column":48}},"99":{"start":{"line":589,"column":4},"end":{"line":596,"column":5}},"100":{"start":{"line":590,"column":6},"end":{"line":595,"column":8}},"101":{"start":{"line":593,"column":24},"end":{"line":593,"column":46}},"102":{"start":{"line":599,"column":4},"end":{"line":632,"column":6}},"103":{"start":{"line":613,"column":29},"end":{"line":613,"column":55}},"104":{"start":{"line":635,"column":2},"end":{"line":662,"column":4}},"105":{"start":{"line":667,"column":2},"end":{"line":671,"column":4}}},"fnMap":{"0":{"name":"(anonymous_0)","decl":{"start":{"line":132,"column":25},"end":{"line":132,"column":26}},"loc":{"start":{"line":132,"column":43},"end":{"line":148,"column":1}},"line":132},"1":{"name":"(anonymous_1)","decl":{"start":{"line":135,"column":25},"end":{"line":135,"column":26}},"loc":{"start":{"line":135,"column":35},"end":{"line":137,"column":3}},"line":135},"2":{"name":"(anonymous_2)","decl":{"start":{"line":139,"column":12},"end":{"line":139,"column":13}},"loc":{"start":{"line":139,"column":21},"end":{"line":141,"column":3}},"line":139},"3":{"name":"(anonymous_3)","decl":{"start":{"line":151,"column":20},"end":{"line":151,"column":21}},"loc":{"start":{"line":151,"column":26},"end":{"line":157,"column":1}},"line":151},"4":{"name":"(anonymous_4)","decl":{"start":{"line":160,"column":15},"end":{"line":160,"column":16}},"loc":{"start":{"line":160,"column":21},"end":{"line":199,"column":1}},"line":160},"5":{"name":"(anonymous_5)","decl":{"start":{"line":174,"column":25},"end":{"line":174,"column":26}},"loc":{"start":{"line":174,"column":31},"end":{"line":174,"column":51}},"line":174},"6":{"name":"(anonymous_6)","decl":{"start":{"line":184,"column":25},"end":{"line":184,"column":26}},"loc":{"start":{"line":184,"column":31},"end":{"line":184,"column":51}},"line":184},"7":{"name":"(anonymous_7)","decl":{"start":{"line":202,"column":32},"end":{"line":202,"column":33}},"loc":{"start":{"line":202,"column":60},"end":{"line":442,"column":1}},"line":202},"8":{"name":"(anonymous_8)","decl":{"start":{"line":217,"column":23},"end":{"line":217,"column":24}},"loc":{"start":{"line":217,"column":30},"end":{"line":230,"column":3}},"line":217},"9":{"name":"(anonymous_9)","decl":{"start":{"line":219,"column":16},"end":{"line":219,"column":17}},"loc":{"start":{"line":219,"column":25},"end":{"line":222,"column":5}},"line":219},"10":{"name":"(anonymous_10)","decl":{"start":{"line":225,"column":16},"end":{"line":225,"column":17}},"loc":{"start":{"line":225,"column":25},"end":{"line":228,"column":7}},"line":225},"11":{"name":"(anonymous_11)","decl":{"start":{"line":232,"column":23},"end":{"line":232,"column":24}},"loc":{"start":{"line":232,"column":29},"end":{"line":243,"column":3}},"line":232},"12":{"name":"(anonymous_12)","decl":{"start":{"line":245,"column":23},"end":{"line":245,"column":24}},"loc":{"start":{"line":245,"column":36},"end":{"line":271,"column":3}},"line":245},"13":{"name":"(anonymous_13)","decl":{"start":{"line":445,"column":20},"end":{"line":445,"column":21}},"loc":{"start":{"line":445,"column":46},"end":{"line":527,"column":1}},"line":445},"14":{"name":"(anonymous_14)","decl":{"start":{"line":475,"column":28},"end":{"line":475,"column":29}},"loc":{"start":{"line":476,"column":16},"end":{"line":519,"column":22}},"line":476},"15":{"name":"(anonymous_15)","decl":{"start":{"line":530,"column":16},"end":{"line":530,"column":17}},"loc":{"start":{"line":530,"column":22},"end":{"line":663,"column":1}},"line":530},"16":{"name":"(anonymous_16)","decl":{"start":{"line":537,"column":22},"end":{"line":537,"column":23}},"loc":{"start":{"line":537,"column":49},"end":{"line":540,"column":3}},"line":537},"17":{"name":"(anonymous_17)","decl":{"start":{"line":539,"column":15},"end":{"line":539,"column":16}},"loc":{"start":{"line":539,"column":21},"end":{"line":539,"column":35}},"line":539},"18":{"name":"(anonymous_18)","decl":{"start":{"line":542,"column":32},"end":{"line":542,"column":33}},"loc":{"start":{"line":542,"column":55},"end":{"line":559,"column":3}},"line":542},"19":{"name":"(anonymous_19)","decl":{"start":{"line":561,"column":24},"end":{"line":561,"column":25}},"loc":{"start":{"line":561,"column":36},"end":{"line":572,"column":3}},"line":561},"20":{"name":"(anonymous_20)","decl":{"start":{"line":574,"column":29},"end":{"line":574,"column":30}},"loc":{"start":{"line":574,"column":41},"end":{"line":577,"column":3}},"line":574},"21":{"name":"(anonymous_21)","decl":{"start":{"line":579,"column":24},"end":{"line":579,"column":25}},"loc":{"start":{"line":579,"column":30},"end":{"line":633,"column":3}},"line":579},"22":{"name":"(anonymous_22)","decl":{"start":{"line":584,"column":20},"end":{"line":584,"column":21}},"loc":{"start":{"line":584,"column":26},"end":{"line":584,"column":48}},"line":584},"23":{"name":"(anonymous_23)","decl":{"start":{"line":593,"column":18},"end":{"line":593,"column":19}},"loc":{"start":{"line":593,"column":24},"end":{"line":593,"column":46}},"line":593},"24":{"name":"(anonymous_24)","decl":{"start":{"line":613,"column":23},"end":{"line":613,"column":24}},"loc":{"start":{"line":613,"column":29},"end":{"line":613,"column":55}},"line":613},"25":{"name":"App","decl":{"start":{"line":666,"column":9},"end":{"line":666,"column":12}},"loc":{"start":{"line":666,"column":15},"end":{"line":672,"column":1}},"line":666}},"branchMap":{"0":{"loc":{"start":{"line":140,"column":11},"end":{"line":140,"column":45}},"type":"binary-expr","locations":[{"start":{"line":140,"column":11},"end":{"line":140,"column":38}},{"start":{"line":140,"column":42},"end":{"line":140,"column":45}}],"line":140},"1":{"loc":{"start":{"line":153,"column":2},"end":{"line":155,"column":3}},"type":"if","locations":[{"start":{"line":153,"column":2},"end":{"line":155,"column":3}},{"start":{},"end":{}}],"line":153},"2":{"loc":{"start":{"line":176,"column":18},"end":{"line":178,"column":52}},"type":"cond-expr","locations":[{"start":{"line":177,"column":22},"end":{"line":177,"column":56}},{"start":{"line":178,"column":22},"end":{"line":178,"column":52}}],"line":176},"3":{"loc":{"start":{"line":186,"column":18},"end":{"line":188,"column":52}},"type":"cond-expr","locations":[{"start":{"line":187,"column":22},"end":{"line":187,"column":56}},{"start":{"line":188,"column":22},"end":{"line":188,"column":52}}],"line":186},"4":{"loc":{"start":{"line":224,"column":4},"end":{"line":229,"column":5}},"type":"if","locations":[{"start":{"line":224,"column":4},"end":{"line":229,"column":5}},{"start":{},"end":{}}],"line":224},"5":{"loc":{"start":{"line":235,"column":4},"end":{"line":235,"column":66}},"type":"if","locations":[{"start":{"line":235,"column":4},"end":{"line":235,"column":66}},{"start":{},"end":{}}],"line":235},"6":{"loc":{"start":{"line":236,"column":4},"end":{"line":236,"column":56}},"type":"if","locations":[{"start":{"line":236,"column":4},"end":{"line":236,"column":56}},{"start":{},"end":{}}],"line":236},"7":{"loc":{"start":{"line":237,"column":4},"end":{"line":237,"column":79}},"type":"if","locations":[{"start":{"line":237,"column":4},"end":{"line":237,"column":79}},{"start":{},"end":{}}],"line":237},"8":{"loc":{"start":{"line":238,"column":4},"end":{"line":238,"column":65}},"type":"if","locations":[{"start":{"line":238,"column":4},"end":{"line":238,"column":65}},{"start":{},"end":{}}],"line":238},"9":{"loc":{"start":{"line":239,"column":4},"end":{"line":239,"column":85}},"type":"if","locations":[{"start":{"line":239,"column":4},"end":{"line":239,"column":85}},{"start":{},"end":{}}],"line":239},"10":{"loc":{"start":{"line":247,"column":4},"end":{"line":247,"column":32}},"type":"if","locations":[{"start":{"line":247,"column":4},"end":{"line":247,"column":32}},{"start":{},"end":{}}],"line":247},"11":{"loc":{"start":{"line":293,"column":16},"end":{"line":293,"column":66}},"type":"cond-expr","locations":[{"start":{"line":293,"column":30},"end":{"line":293,"column":46}},{"start":{"line":293,"column":49},"end":{"line":293,"column":66}}],"line":293},"12":{"loc":{"start":{"line":296,"column":13},"end":{"line":296,"column":86}},"type":"binary-expr","locations":[{"start":{"line":296,"column":13},"end":{"line":296,"column":24}},{"start":{"line":296,"column":28},"end":{"line":296,"column":86}}],"line":296},"13":{"loc":{"start":{"line":313,"column":16},"end":{"line":313,"column":65}},"type":"cond-expr","locations":[{"start":{"line":313,"column":29},"end":{"line":313,"column":45}},{"start":{"line":313,"column":48},"end":{"line":313,"column":65}}],"line":313},"14":{"loc":{"start":{"line":316,"column":13},"end":{"line":316,"column":84}},"type":"binary-expr","locations":[{"start":{"line":316,"column":13},"end":{"line":316,"column":23}},{"start":{"line":316,"column":27},"end":{"line":316,"column":84}}],"line":316},"15":{"loc":{"start":{"line":331,"column":16},"end":{"line":331,"column":72}},"type":"cond-expr","locations":[{"start":{"line":331,"column":36},"end":{"line":331,"column":52}},{"start":{"line":331,"column":55},"end":{"line":331,"column":72}}],"line":331},"16":{"loc":{"start":{"line":334,"column":13},"end":{"line":334,"column":98}},"type":"binary-expr","locations":[{"start":{"line":334,"column":13},"end":{"line":334,"column":30}},{"start":{"line":334,"column":34},"end":{"line":334,"column":98}}],"line":334},"17":{"loc":{"start":{"line":347,"column":16},"end":{"line":347,"column":68}},"type":"cond-expr","locations":[{"start":{"line":347,"column":32},"end":{"line":347,"column":48}},{"start":{"line":347,"column":51},"end":{"line":347,"column":68}}],"line":347},"18":{"loc":{"start":{"line":355,"column":13},"end":{"line":355,"column":90}},"type":"binary-expr","locations":[{"start":{"line":355,"column":13},"end":{"line":355,"column":26}},{"start":{"line":355,"column":30},"end":{"line":355,"column":90}}],"line":355},"19":{"loc":{"start":{"line":371,"column":14},"end":{"line":371,"column":72}},"type":"cond-expr","locations":[{"start":{"line":371,"column":36},"end":{"line":371,"column":52}},{"start":{"line":371,"column":55},"end":{"line":371,"column":72}}],"line":371},"20":{"loc":{"start":{"line":374,"column":11},"end":{"line":374,"column":100}},"type":"binary-expr","locations":[{"start":{"line":374,"column":11},"end":{"line":374,"column":30}},{"start":{"line":374,"column":34},"end":{"line":374,"column":100}}],"line":374},"21":{"loc":{"start":{"line":436,"column":13},"end":{"line":436,"column":54}},"type":"cond-expr","locations":[{"start":{"line":436,"column":28},"end":{"line":436,"column":40}},{"start":{"line":436,"column":43},"end":{"line":436,"column":54}}],"line":436},"22":{"loc":{"start":{"line":469,"column":11},"end":{"line":522,"column":11}},"type":"cond-expr","locations":[{"start":{"line":470,"column":12},"end":{"line":472,"column":18}},{"start":{"line":474,"column":12},"end":{"line":521,"column":18}}],"line":469},"23":{"loc":{"start":{"line":495,"column":19},"end":{"line":518,"column":19}},"type":"binary-expr","locations":[{"start":{"line":495,"column":20},"end":{"line":495,"column":39}},{"start":{"line":495,"column":43},"end":{"line":495,"column":63}},{"start":{"line":495,"column":67},"end":{"line":495,"column":82}},{"start":{"line":496,"column":20},"end":{"line":517,"column":26}}],"line":495},"24":{"loc":{"start":{"line":498,"column":25},"end":{"line":503,"column":25}},"type":"binary-expr","locations":[{"start":{"line":498,"column":25},"end":{"line":498,"column":44}},{"start":{"line":499,"column":26},"end":{"line":502,"column":32}}],"line":498},"25":{"loc":{"start":{"line":504,"column":25},"end":{"line":509,"column":25}},"type":"binary-expr","locations":[{"start":{"line":504,"column":25},"end":{"line":504,"column":45}},{"start":{"line":505,"column":26},"end":{"line":508,"column":32}}],"line":504},"26":{"loc":{"start":{"line":510,"column":25},"end":{"line":515,"column":25}},"type":"binary-expr","locations":[{"start":{"line":510,"column":25},"end":{"line":510,"column":40}},{"start":{"line":511,"column":26},"end":{"line":514,"column":32}}],"line":510},"27":{"loc":{"start":{"line":537,"column":28},"end":{"line":537,"column":44}},"type":"default-arg","locations":[{"start":{"line":537,"column":35},"end":{"line":537,"column":44}}],"line":537},"28":{"loc":{"start":{"line":550,"column":6},"end":{"line":552,"column":7}},"type":"if","locations":[{"start":{"line":550,"column":6},"end":{"line":552,"column":7}},{"start":{},"end":{}}],"line":550},"29":{"loc":{"start":{"line":580,"column":4},"end":{"line":587,"column":5}},"type":"if","locations":[{"start":{"line":580,"column":4},"end":{"line":587,"column":5}},{"start":{},"end":{}}],"line":580},"30":{"loc":{"start":{"line":589,"column":4},"end":{"line":596,"column":5}},"type":"if","locations":[{"start":{"line":589,"column":4},"end":{"line":596,"column":5}},{"start":{},"end":{}}],"line":589},"31":{"loc":{"start":{"line":640,"column":7},"end":{"line":646,"column":7}},"type":"binary-expr","locations":[{"start":{"line":640,"column":7},"end":{"line":640,"column":14}},{"start":{"line":641,"column":8},"end":{"line":645,"column":14}}],"line":640},"32":{"loc":{"start":{"line":642,"column":10},"end":{"line":642,"column":68}},"type":"cond-expr","locations":[{"start":{"line":642,"column":39},"end":{"line":642,"column":53}},{"start":{"line":642,"column":56},"end":{"line":642,"column":68}}],"line":642},"33":{"loc":{"start":{"line":649,"column":7},"end":{"line":656,"column":7}},"type":"binary-expr","locations":[{"start":{"line":649,"column":7},"end":{"line":649,"column":14}},{"start":{"line":650,"column":8},"end":{"line":655,"column":14}}],"line":649}},"s":{"0":0,"1":0,"2":0,"3":0,"4":0,"5":0,"6":0,"7":0,"8":0,"9":0,"10":0,"11":0,"12":0,"13":0,"14":0,"15":0,"16":0,"17":0,"18":0,"19":0,"20":0,"21":0,"22":0,"23":0,"24":0,"25":0,"26":0,"27":0,"28":0,"29":0,"30":0,"31":0,"32":0,"33":0,"34":0,"35":0,"36":0,"37":0,"38":0,"39":0,"40":0,"41":0,"42":0,"43":0,"44":0,"45":0,"46":0,"47":0,"48":0,"49":0,"50":0,"51":0,"52":0,"53":0,"54":0,"55":0,"56":0,"57":0,"58":0,"59":0,"60":0,"61":0,"62":0,"63":0,"64":0,"65":0,"66":0,"67":0,"68":0,"69":0,"70":0,"71":0,"72":0,"73":0,"74":0,"75":0,"76":0,"77":0,"78":0,"79":0,"80":0,"81":0,"82":0,"83":0,"84":0,"85":0,"86":0,"87":0,"88":0,"89":0,"90":0,"91":0,"92":0,"93":0,"94":0,"95":0,"96":0,"97":0,"98":0,"99":0,"100":0,"101":0,"102":0,"103":0,"104":0,"105":0},"f":{"0":0,"1":0,"2":0,"3":0,"4":0,"5":0,"6":0,"7":0,"8":0,"9":0,"10":0,"11":0,"12":0,"13":0,"14":0,"15":0,"16":0,"17":0,"18":0,"19":0,"20":0,"21":0,"22":0,"23":0,"24":0,"25":0},"b":{"0":[0,0],"1":[0,0],"2":[0,0],"3":[0,0],"4":[0,0],"5":[0,0],"6":[0,0],"7":[0,0],"8":[0,0],"9":[0,0],"10":[0,0],"11":[0,0],"12":[0,0],"13":[0,0],"14":[0,0],"15":[0,0],"16":[0,0],"17":[0,0],"18":[0,0],"19":[0,0],"20":[0,0],"21":[0,0],"22":[0,0],"23":[0,0,0,0],"24":[0,0],"25":[0,0],"26":[0,0],"27":[0],"28":[0,0],"29":[0,0],"30":[0,0],"31":[0,0],"32":[0,0],"33":[0,0]}}
,"/Users/abdulnaseebrahmani/Downloads/School-MIS/frontend/src/index.js": {"path":"/Users/abdulnaseebrahmani/Downloads/School-MIS/frontend/src/index.js","statementMap":{"0":{"start":{"line":6,"column":13},"end":{"line":6,"column":65}},"1":{"start":{"line":7,"column":0},"end":{"line":11,"column":2}}},"fnMap":{},"branchMap":{},"s":{"0":0,"1":0},"f":{},"b":{}}
}
