TN:
SF:src/App.js
FN:132,(anonymous_0)
FN:135,(anonymous_1)
FN:139,(anonymous_2)
FN:151,(anonymous_3)
FN:160,(anonymous_4)
FN:174,(anonymous_5)
FN:184,(anonymous_6)
FN:202,(anonymous_7)
FN:217,(anonymous_8)
FN:219,(anonymous_9)
FN:225,(anonymous_10)
FN:232,(anonymous_11)
FN:245,(anonymous_12)
FN:445,(anonymous_13)
FN:475,(anonymous_14)
FN:530,(anonymous_15)
FN:537,(anonymous_16)
FN:539,(anonymous_17)
FN:542,(anonymous_18)
FN:561,(anonymous_19)
FN:574,(anonymous_20)
FN:579,(anonymous_21)
FN:584,(anonymous_22)
FN:593,(anonymous_23)
FN:613,(anonymous_24)
FN:666,App
FNF:26
FNH:0
FNDA:0,(anonymous_0)
FNDA:0,(anonymous_1)
FNDA:0,(anonymous_2)
FNDA:0,(anonymous_3)
FNDA:0,(anonymous_4)
FNDA:0,(anonymous_5)
FNDA:0,(anonymous_6)
FNDA:0,(anonymous_7)
FNDA:0,(anonymous_8)
FNDA:0,(anonymous_9)
FNDA:0,(anonymous_10)
FNDA:0,(anonymous_11)
FNDA:0,(anonymous_12)
FNDA:0,(anonymous_13)
FNDA:0,(anonymous_14)
FNDA:0,(anonymous_15)
FNDA:0,(anonymous_16)
FNDA:0,(anonymous_17)
FNDA:0,(anonymous_18)
FNDA:0,(anonymous_19)
FNDA:0,(anonymous_20)
FNDA:0,(anonymous_21)
FNDA:0,(anonymous_22)
FNDA:0,(anonymous_23)
FNDA:0,(anonymous_24)
FNDA:0,App
DA:5,0
DA:6,0
DA:9,0
DA:12,0
DA:132,0
DA:133,0
DA:135,0
DA:136,0
DA:139,0
DA:140,0
DA:143,0
DA:151,0
DA:152,0
DA:153,0
DA:154,0
DA:156,0
DA:160,0
DA:161,0
DA:163,0
DA:174,0
DA:184,0
DA:202,0
DA:203,0
DA:204,0
DA:214,0
DA:215,0
DA:217,0
DA:218,0
DA:219,0
DA:224,0
DA:225,0
DA:232,0
DA:233,0
DA:235,0
DA:236,0
DA:237,0
DA:238,0
DA:239,0
DA:241,0
DA:242,0
DA:245,0
DA:246,0
DA:247,0
DA:249,0
DA:250,0
DA:251,0
DA:256,0
DA:267,0
DA:269,0
DA:273,0
DA:445,0
DA:446,0
DA:448,0
DA:476,0
DA:530,0
DA:531,0
DA:532,0
DA:533,0
DA:534,0
DA:535,0
DA:537,0
DA:538,0
DA:539,0
DA:542,0
DA:543,0
DA:544,0
DA:545,0
DA:546,0
DA:547,0
DA:548,0
DA:550,0
DA:551,0
DA:554,0
DA:555,0
DA:557,0
DA:561,0
DA:562,0
DA:563,0
DA:564,0
DA:565,0
DA:567,0
DA:568,0
DA:570,0
DA:574,0
DA:575,0
DA:576,0
DA:579,0
DA:580,0
DA:581,0
DA:584,0
DA:589,0
DA:590,0
DA:593,0
DA:599,0
DA:613,0
DA:635,0
DA:667,0
LF:97
LH:0
BRDA:140,0,0,0
BRDA:140,0,1,0
BRDA:153,1,0,0
BRDA:153,1,1,0
BRDA:176,2,0,0
BRDA:176,2,1,0
BRDA:186,3,0,0
BRDA:186,3,1,0
BRDA:224,4,0,0
BRDA:224,4,1,0
BRDA:235,5,0,0
BRDA:235,5,1,0
BRDA:236,6,0,0
BRDA:236,6,1,0
BRDA:237,7,0,0
BRDA:237,7,1,0
BRDA:238,8,0,0
BRDA:238,8,1,0
BRDA:239,9,0,0
BRDA:239,9,1,0
BRDA:247,10,0,0
BRDA:247,10,1,0
BRDA:293,11,0,0
BRDA:293,11,1,0
BRDA:296,12,0,0
BRDA:296,12,1,0
BRDA:313,13,0,0
BRDA:313,13,1,0
BRDA:316,14,0,0
BRDA:316,14,1,0
BRDA:331,15,0,0
BRDA:331,15,1,0
BRDA:334,16,0,0
BRDA:334,16,1,0
BRDA:347,17,0,0
BRDA:347,17,1,0
BRDA:355,18,0,0
BRDA:355,18,1,0
BRDA:371,19,0,0
BRDA:371,19,1,0
BRDA:374,20,0,0
BRDA:374,20,1,0
BRDA:436,21,0,0
BRDA:436,21,1,0
BRDA:469,22,0,0
BRDA:469,22,1,0
BRDA:495,23,0,0
BRDA:495,23,1,0
BRDA:495,23,2,0
BRDA:495,23,3,0
BRDA:498,24,0,0
BRDA:498,24,1,0
BRDA:504,25,0,0
BRDA:504,25,1,0
BRDA:510,26,0,0
BRDA:510,26,1,0
BRDA:537,27,0,0
BRDA:550,28,0,0
BRDA:550,28,1,0
BRDA:580,29,0,0
BRDA:580,29,1,0
BRDA:589,30,0,0
BRDA:589,30,1,0
BRDA:640,31,0,0
BRDA:640,31,1,0
BRDA:642,32,0,0
BRDA:642,32,1,0
BRDA:649,33,0,0
BRDA:649,33,1,0
BRF:69
BRH:0
end_of_record
TN:
SF:src/index.js
FNF:0
FNH:0
DA:6,0
DA:7,0
LF:2
LH:0
BRF:0
BRH:0
end_of_record
